2024-08-20T08:57:21.454+09:00  INFO 6996 --- [restartedMain] c.w.t.TracerProjectApplication           : Starting TracerProjectApplication using Java 21.0.3 with PID 6996 (C:\Users\human-07\git\aeyongFinal\aeyongddi11111111111\tracerProject\target\classes started by human-07 in C:\Users\human-07\git\aeyongFinal\aeyongddi11111111111\tracerProject)
2024-08-20T08:57:21.459+09:00  INFO 6996 --- [restartedMain] c.w.t.TracerProjectApplication           : No active profile set, falling back to 1 default profile: "default"
2024-08-20T08:57:21.539+09:00  INFO 6996 --- [restartedMain] o.s.b.devtools.restart.ChangeableUrls    : The Class-Path manifest attribute in C:\Users\human-07\.m2\repository\com\oracle\database\jdbc\ojdbc8\21.9.0.0\ojdbc8-21.9.0.0.jar referenced one or more files that do not exist: file:/C:/Users/human-07/.m2/repository/com/oracle/database/jdbc/ojdbc8/21.9.0.0/oraclepki.jar
2024-08-20T08:57:21.540+09:00  INFO 6996 --- [restartedMain] .e.DevToolsPropertyDefaultsPostProcessor : Devtools property defaults active! Set 'spring.devtools.add-properties' to 'false' to disable
2024-08-20T08:57:21.540+09:00  INFO 6996 --- [restartedMain] .e.DevToolsPropertyDefaultsPostProcessor : For additional web related logging consider setting the 'logging.level.web' property to 'DEBUG'
2024-08-20T08:57:23.043+09:00  INFO 6996 --- [restartedMain] .s.d.r.c.RepositoryConfigurationDelegate : Bootstrapping Spring Data JPA repositories in DEFAULT mode.
2024-08-20T08:57:23.074+09:00  INFO 6996 --- [restartedMain] .s.d.r.c.RepositoryConfigurationDelegate : Finished Spring Data repository scanning in 16 ms. Found 0 JPA repository interfaces.
2024-08-20T08:57:23.848+09:00  INFO 6996 --- [restartedMain] o.s.b.w.embedded.tomcat.TomcatWebServer  : Tomcat initialized with port(s): 5656 (http)
2024-08-20T08:57:23.857+09:00  INFO 6996 --- [restartedMain] o.apache.catalina.core.StandardService   : Starting service [Tomcat]
2024-08-20T08:57:23.857+09:00  INFO 6996 --- [restartedMain] o.apache.catalina.core.StandardEngine    : Starting Servlet engine: [Apache Tomcat/10.1.11]
2024-08-20T08:57:24.156+09:00  INFO 6996 --- [restartedMain] org.apache.jasper.servlet.TldScanner     : At least one JAR was scanned for TLDs yet contained no TLDs. Enable debug logging for this logger for a complete list of JARs that were scanned but no TLDs were found in them. Skipping unneeded JARs during scanning can improve startup time and JSP compilation time.
2024-08-20T08:57:24.164+09:00  INFO 6996 --- [restartedMain] o.a.c.c.C.[Tomcat].[localhost].[/]       : Initializing Spring embedded WebApplicationContext
2024-08-20T08:57:24.164+09:00  INFO 6996 --- [restartedMain] w.s.c.ServletWebServerApplicationContext : Root WebApplicationContext: initialization completed in 2623 ms
2024-08-20T08:57:24.335+09:00  INFO 6996 --- [restartedMain] com.zaxxer.hikari.HikariDataSource       : HikariPool-1 - Starting...
2024-08-20T08:57:24.340+09:00  WARN 6996 --- [restartedMain] c.zaxxer.hikari.util.DriverDataSource    : Registered driver with driverClassName=oracle.jdbc.driver.OracleDriver was not found, trying direct instantiation.
2024-08-20T08:57:24.608+09:00  INFO 6996 --- [restartedMain] com.zaxxer.hikari.pool.HikariPool        : HikariPool-1 - Added connection oracle.jdbc.driver.T4CConnection@22f35392
2024-08-20T08:57:24.610+09:00  INFO 6996 --- [restartedMain] com.zaxxer.hikari.HikariDataSource       : HikariPool-1 - Start completed.
2024-08-20T08:57:24.653+09:00  INFO 6996 --- [restartedMain] o.hibernate.jpa.internal.util.LogHelper  : HHH000204: Processing PersistenceUnitInfo [name: default]
2024-08-20T08:57:24.728+09:00  INFO 6996 --- [restartedMain] org.hibernate.Version                    : HHH000412: Hibernate ORM core version 6.2.6.Final
2024-08-20T08:57:24.731+09:00  INFO 6996 --- [restartedMain] org.hibernate.cfg.Environment            : HHH000406: Using bytecode reflection optimizer
2024-08-20T08:57:24.897+09:00  INFO 6996 --- [restartedMain] o.h.b.i.BytecodeProviderInitiator        : HHH000021: Bytecode provider name : bytebuddy
2024-08-20T08:57:25.046+09:00  INFO 6996 --- [restartedMain] o.s.o.j.p.SpringPersistenceUnitInfo      : No LoadTimeWeaver setup: ignoring JPA class transformer
2024-08-20T08:57:25.362+09:00  INFO 6996 --- [restartedMain] o.h.b.i.BytecodeProviderInitiator        : HHH000021: Bytecode provider name : bytebuddy
2024-08-20T08:57:25.622+09:00  INFO 6996 --- [restartedMain] o.h.e.t.j.p.i.JtaPlatformInitiator       : HHH000490: Using JtaPlatform implementation: [org.hibernate.engine.transaction.jta.platform.internal.NoJtaPlatform]
2024-08-20T08:57:25.629+09:00  INFO 6996 --- [restartedMain] j.LocalContainerEntityManagerFactoryBean : Initialized JPA EntityManagerFactory for persistence unit 'default'
2024-08-20T08:57:26.130+09:00  WARN 6996 --- [restartedMain] JpaBaseConfiguration$JpaWebConfiguration : spring.jpa.open-in-view is enabled by default. Therefore, database queries may be performed during view rendering. Explicitly configure spring.jpa.open-in-view to disable this warning
2024-08-20T08:57:26.495+09:00  INFO 6996 --- [restartedMain] o.s.b.d.a.OptionalLiveReloadServer       : LiveReload server is running on port 35729
2024-08-20T08:57:26.547+09:00  INFO 6996 --- [restartedMain] o.s.b.w.embedded.tomcat.TomcatWebServer  : Tomcat started on port(s): 5656 (http) with context path ''
2024-08-20T08:57:26.548+09:00  INFO 6996 --- [restartedMain] o.s.m.s.b.SimpleBrokerMessageHandler     : Starting...
2024-08-20T08:57:26.549+09:00  INFO 6996 --- [restartedMain] o.s.m.s.b.SimpleBrokerMessageHandler     : BrokerAvailabilityEvent[available=true, SimpleBrokerMessageHandler [org.springframework.messaging.simp.broker.DefaultSubscriptionRegistry@37bcf81b]]
2024-08-20T08:57:26.549+09:00  INFO 6996 --- [restartedMain] o.s.m.s.b.SimpleBrokerMessageHandler     : Started.
2024-08-20T08:57:26.558+09:00  INFO 6996 --- [restartedMain] c.w.t.TracerProjectApplication           : Started TracerProjectApplication in 5.59 seconds (process running for 6.6)
2024-08-20T08:57:26.917+09:00  INFO 6996 --- [http-nio-5656-exec-1] o.a.c.c.C.[Tomcat].[localhost].[/]       : Initializing Spring DispatcherServlet 'dispatcherServlet'
2024-08-20T08:57:26.918+09:00  INFO 6996 --- [http-nio-5656-exec-1] o.s.web.servlet.DispatcherServlet        : Initializing Servlet 'dispatcherServlet'
2024-08-20T08:57:26.920+09:00  INFO 6996 --- [http-nio-5656-exec-1] o.s.web.servlet.DispatcherServlet        : Completed initialization in 1 ms
2024-08-20T08:58:26.129+09:00  INFO 6996 --- [MessageBroker-1] o.s.w.s.c.WebSocketMessageBrokerStats    : WebSocketSession[0 current WS(0)-HttpStream(0)-HttpPoll(0), 0 total, 0 closed abnormally (0 connect failure, 0 send limit, 0 transport error)], stompSubProtocol[processed CONNECT(0)-CONNECTED(0)-DISCONNECT(0)], stompBrokerRelay[null], inboundChannel[pool size = 0, active threads = 0, queued tasks = 0, completed tasks = 0], outboundChannel[pool size = 0, active threads = 0, queued tasks = 0, completed tasks = 0], sockJsScheduler[pool size = 1, active threads = 1, queued tasks = 0, completed tasks = 0]
2024-08-20T09:28:26.130+09:00  INFO 6996 --- [MessageBroker-7] o.s.w.s.c.WebSocketMessageBrokerStats    : WebSocketSession[0 current WS(0)-HttpStream(0)-HttpPoll(0), 1 total, 0 closed abnormally (0 connect failure, 0 send limit, 0 transport error)], stompSubProtocol[processed CONNECT(1)-CONNECTED(1)-DISCONNECT(0)], stompBrokerRelay[null], inboundChannel[pool size = 0, active threads = 0, queued tasks = 0, completed tasks = 9], outboundChannel[pool size = 0, active threads = 0, queued tasks = 0, completed tasks = 2], sockJsScheduler[pool size = 8, active threads = 1, queued tasks = 1, completed tasks = 334]
2024-08-20T09:58:26.133+09:00  INFO 6996 --- [MessageBroker-4] o.s.w.s.c.WebSocketMessageBrokerStats    : WebSocketSession[0 current WS(0)-HttpStream(0)-HttpPoll(0), 1 total, 0 closed abnormally (0 connect failure, 0 send limit, 0 transport error)], stompSubProtocol[processed CONNECT(1)-CONNECTED(1)-DISCONNECT(0)], stompBrokerRelay[null], inboundChannel[pool size = 0, active threads = 0, queued tasks = 0, completed tasks = 9], outboundChannel[pool size = 0, active threads = 0, queued tasks = 0, completed tasks = 2], sockJsScheduler[pool size = 8, active threads = 1, queued tasks = 1, completed tasks = 695]
2024-08-20T10:28:26.136+09:00  INFO 6996 --- [MessageBroker-7] o.s.w.s.c.WebSocketMessageBrokerStats    : WebSocketSession[0 current WS(0)-HttpStream(0)-HttpPoll(0), 1 total, 0 closed abnormally (0 connect failure, 0 send limit, 0 transport error)], stompSubProtocol[processed CONNECT(1)-CONNECTED(1)-DISCONNECT(0)], stompBrokerRelay[null], inboundChannel[pool size = 0, active threads = 0, queued tasks = 0, completed tasks = 9], outboundChannel[pool size = 0, active threads = 0, queued tasks = 0, completed tasks = 2], sockJsScheduler[pool size = 8, active threads = 1, queued tasks = 1, completed tasks = 1056]
2024-08-20T10:58:26.147+09:00  INFO 6996 --- [MessageBroker-7] o.s.w.s.c.WebSocketMessageBrokerStats    : WebSocketSession[0 current WS(0)-HttpStream(0)-HttpPoll(0), 1 total, 0 closed abnormally (0 connect failure, 0 send limit, 0 transport error)], stompSubProtocol[processed CONNECT(1)-CONNECTED(1)-DISCONNECT(0)], stompBrokerRelay[null], inboundChannel[pool size = 0, active threads = 0, queued tasks = 0, completed tasks = 9], outboundChannel[pool size = 0, active threads = 0, queued tasks = 0, completed tasks = 2], sockJsScheduler[pool size = 8, active threads = 1, queued tasks = 1, completed tasks = 1417]
